make[1]: Entering directory '/mnt/home/matt/development/github/pic10f320-bypass-firmware'
=== PIC10F320 build + flash-budget (256 words, variant cd4053-mute) ===
OK:   build_pic/bypass_mcu_cd4053-mute_pic10f320.hex : 240 words (93.8%) of 256
--- gpsim fault-inject: variant=cd4053-mute proc=p10f320 ---
FAULT-INJECT START: fw=/mnt/home/matt/development/github/pic10f320-bypass-firmware/build_pic/bypass_mcu_cd4053-mute_pic10f320.hex proc=p10f320 FOSC=2000000 window=2000 ms
  (NB: gpsim WDT@WDTPS=0x08 ~1.057s -- recovery reset, not 256ms silicon)
  control (no injection)
    PASS: quiescent device did not reset
  inject OSCCON.IRCF        @0x010: 0x49 -> 0x59  (IRCF 0b100->0b101: 2MHz->4MHz clock skew)
    PASS: gate forced exactly 1 WDT reset
  inject WDTCON.WDTPS       @0x030: 0x10 -> 0x00  (WDTPS 0b01000->0b00000: 1:8192->1:512, WDT miscalibrated (else silent))
    PASS: gate forced exactly 1 WDT reset
  inject PR2                @0x012: 0x7c -> 0x63  (tick period 124->99: 1ms tick skewed)
    PASS: gate forced exactly 1 WDT reset
  inject T2CON              @0x013: 0x05 -> 0x04  (T2CKPS 1:4->1:1, TMR2ON preserved: timer cfg skew)
    PASS: gate forced exactly 1 WDT reset
  inject ANSELA.RA0         @0x008: 0x00 -> 0x01  (ANSA0=1: RA0 (LED) re-selected analog, out of digital service)
    PASS: gate forced exactly 1 WDT reset
  inject ANSELA.RA1         @0x008: 0x00 -> 0x02  (ANSA1=1: RA1 (control pin) re-selected analog, out of digital service)
    PASS: gate forced exactly 1 WDT reset
  inject ANSELA.RA2         @0x008: 0x00 -> 0x04  (ANSA2=1: RA2 (control pin) re-selected analog, out of digital service)
    PASS: gate forced exactly 1 WDT reset
  inject WPUA.RA3           @0x009: 0x0f -> 0x07  (clear RA3 pull-up latch: footswitch weak pull-up disabled)
    PASS: gate forced exactly 1 WDT reset
  inject OPTION.nWPUEN      @0x00e: 0x7f -> 0xff  (set nWPUEN: global weak pull-ups disabled)
    PASS: gate forced exactly 1 WDT reset
  inject ctx.program_state  @0x045: 0x00 -> 0x02  (0->2: > RELEASE_DEBOUNCE_WAIT (also the switch default: path))
    PASS: gate forced exactly 1 WDT reset
  inject ctx.effect_state   @0x046: 0x00 -> 0x02  (->2: > ENGAGED (gate-only))
    PASS: gate forced exactly 1 WDT reset
  inject ctx.debounce_counter @0x047: 0x00 -> 0xff  (->255: > RELEASE_THRESH (gate-only))
    PASS: gate forced exactly 1 WDT reset

FAULT-INJECT PASS: 13 checks, 0 failures
make[1]: Leaving directory '/mnt/home/matt/development/github/pic10f320-bypass-firmware'
